     1                                  bits 32 ; assembling for the 32 bits architecture
     2                                  
     3                                  ; declare the EntryPoint (a label defining the very first instruction of the program)
     4                                  global start        
     5                                  
     6                                  ; declare external functions needed by our program
     7                                  extern exit, printf               ; tell nasm that exit exists even if we won't be defining it
     8                                  import exit msvcrt.dll    ; exit is a function that ends the calling process. It is defined in msvcrt.dll
     9                                  import printf msvcrt.dll                        ; msvcrt.dll contains exit, printf and all the other important C-runtime specific functions
    10                                  
    11                                  ; our data is declared here (the variables needed by our program)
    12                                  segment data use32 class=data
    13                                      ; ...
    14 00000000 59000000                    a dd 89
    15 00000004 256400                      reading_format db "%d", 0
    16                                  ; our code starts here
    17                                  segment code use32 class=code
    18                                      start:
    19                                          ; ...
    20                                          
    21 00000000 875B06                          xchg ebx, [ebx+6]
    22                                          ; exit(0)
    23 00000003 6A00                            push    dword 0      ; push the parameter for exit onto the stack
    24 00000005 FF15[00000000]                  call    [exit]       ; call exit to terminate the program
